Wed Oct  5 11:00:01 WAT 2022
              total        used        free      shared  buff/cache   available
Mem:          976Mi       176Mi       362Mi       3.0Mi       436Mi       647Mi
Swap:            0B          0B          0B
---
Wed Oct  5 12:00:01 WAT 2022
              total        used        free      shared  buff/cache   available
Mem:          976Mi       175Mi       347Mi       3.0Mi       454Mi       648Mi
Swap:            0B          0B          0B
---
Wed Oct  5 14:00:01 WAT 2022
              total        used        free      shared  buff/cache   available
Mem:          976Mi       178Mi       328Mi       3.0Mi       470Mi       645Mi
Swap:            0B          0B          0B
---
Wed Oct  5 15:00:01 WAT 2022
              total        used        free      shared  buff/cache   available
Mem:          976Mi       177Mi       321Mi       3.0Mi       477Mi       646Mi
Swap:            0B          0B          0B
---
Wed Oct  5 16:00:01 WAT 2022
              total        used        free      shared  buff/cache   available
Mem:          976Mi       177Mi       311Mi       3.0Mi       487Mi       646Mi
Swap:            0B          0B          0B
---
Wed Oct  5 17:00:01 WAT 2022
              total        used        free      shared  buff/cache   available
Mem:          976Mi       175Mi       304Mi       3.0Mi       495Mi       646Mi
Swap:            0B          0B          0B
---
Wed Oct  5 18:00:01 WAT 2022
              total        used        free      shared  buff/cache   available
Mem:          976Mi       176Mi       295Mi       3.0Mi       504Mi       645Mi
Swap:            0B          0B          0B
---
Wed Oct  5 19:00:01 WAT 2022
              total        used        free      shared  buff/cache   available
Mem:          976Mi       176Mi       289Mi       3.0Mi       510Mi       645Mi
Swap:            0B          0B          0B
---
Wed Oct  5 20:00:01 WAT 2022
              total        used        free      shared  buff/cache   available
Mem:          976Mi       176Mi       166Mi       3.0Mi       633Mi       647Mi
Swap:            0B          0B          0B
---
Wed Oct  5 21:00:01 WAT 2022
              total        used        free      shared  buff/cache   available
Mem:          976Mi       176Mi       154Mi       3.0Mi       645Mi       646Mi
Swap:            0B          0B          0B
---
Wed Oct  5 22:00:01 WAT 2022
              total        used        free      shared  buff/cache   available
Mem:          976Mi       177Mi       148Mi       3.0Mi       650Mi       646Mi
Swap:            0B          0B          0B
---
Wed Oct  5 23:00:02 WAT 2022
              total        used        free      shared  buff/cache   available
Mem:          976Mi       176Mi       137Mi       3.0Mi       662Mi       646Mi
Swap:            0B          0B          0B
---
Thu Oct  6 00:00:02 WAT 2022
              total        used        free      shared  buff/cache   available
Mem:          976Mi       185Mi       123Mi       3.0Mi       668Mi       638Mi
Swap:            0B          0B          0B
---
Fri Oct  7 13:00:01 WAT 2022
              total        used        free      shared  buff/cache   available
Mem:          976Mi       196Mi        86Mi       3.0Mi       693Mi       627Mi
Swap:            0B          0B          0B
---
Fri Oct  7 14:00:01 WAT 2022
              total        used        free      shared  buff/cache   available
Mem:          976Mi       187Mi        96Mi       3.0Mi       692Mi       640Mi
Swap:            0B          0B          0B
---
Fri Oct  7 15:00:01 WAT 2022
              total        used        free      shared  buff/cache   available
Mem:          976Mi       198Mi        87Mi       3.0Mi       691Mi       629Mi
Swap:            0B          0B          0B
---
Sun Oct  9 12:00:01 WAT 2022
              total        used        free      shared  buff/cache   available
Mem:          976Mi       198Mi       235Mi       3.0Mi       542Mi       625Mi
Swap:            0B          0B          0B
---
Sun Oct  9 13:00:01 WAT 2022
              total        used        free      shared  buff/cache   available
Mem:          976Mi       198Mi       230Mi       3.0Mi       548Mi       625Mi
Swap:            0B          0B          0B
---
Sun Oct  9 15:00:01 WAT 2022
              total        used        free      shared  buff/cache   available
Mem:          976Mi       198Mi       175Mi       3.0Mi       602Mi       629Mi
Swap:            0B          0B          0B
---
Sun Oct  9 16:00:01 WAT 2022
              total        used        free      shared  buff/cache   available
Mem:          976Mi       198Mi       168Mi       3.0Mi       609Mi       628Mi
Swap:            0B          0B          0B
---
Sun Oct  9 17:00:01 WAT 2022
              total        used        free      shared  buff/cache   available
Mem:          976Mi       198Mi       163Mi       3.0Mi       614Mi       628Mi
Swap:            0B          0B          0B
---
